# JRE version: OpenJDK Runtime Environment Temurin-21.0.7+6 (21.0.7+6) (build 21.0.7+6-LTS)
# Java VM: OpenJDK 64-Bit Server VM Temurin-21.0.7+6 (21.0.7+6-LTS, mixed mode, sharing, tiered, compressed oops, compressed class ptrs, parallel gc, windows-amd64)
GC Precious Log:
 CardTable entry size: 512
 CPUs: 8 total, 8 available
 Memory: 16321M
 Large Page Support: Disabled
 NUMA Support: Disabled
 Compressed Oops: Enabled (32-bit)
 Alignments: Space 512K, Generation 512K, Heap 2M
 Heap Min Capacity: 100M
 Heap Initial Capacity: 100M
 Heap Max Capacity: 2G
 Pre-touch: Disabled
 Parallel Workers: 8
Heap:
 PSYoungGen      total 9728K, used 4847K [0x00000000d5580000, 0x00000000d6300000, 0x0000000100000000)
  eden space 5632K, 17% used [0x00000000d5580000,0x00000000d567bc90,0x00000000d5b00000)
  from space 4096K, 93% used [0x00000000d5b00000,0x00000000d5ec0000,0x00000000d5f00000)
  to   space 4096K, 0% used [0x00000000d5f00000,0x00000000d5f00000,0x00000000d6300000)
 ParOldGen       total 1289216K, used 298931K [0x0000000080000000, 0x00000000ceb00000, 0x00000000d5580000)
  object space 1289216K, 23% used [0x0000000080000000,0x00000000923ecec0,0x00000000ceb00000)
 Metaspace       used 71986K, committed 73408K, reserved 1114112K
  class space    used 7539K, committed 8192K, reserved 1048576K
GC Heap History (20 events):
Event: 587.267 GC heap before
{Heap before GC invocations=3468 (full 4):
 PSYoungGen      total 2560K, used 2144K [0x00000000d5580000, 0x00000000d5980000, 0x0000000100000000)
  eden space 1024K, 100% used [0x00000000d5580000,0x00000000d5680000,0x00000000d5680000)
  from space 1536K, 72% used [0x00000000d5680000,0x00000000d5798000,0x00000000d5800000)
  to   space 1536K, 0% used [0x00000000d5800000,0x00000000d5800000,0x00000000d5980000)
 ParOldGen       total 1289216K, used 280347K [0x0000000080000000, 0x00000000ceb00000, 0x00000000d5580000)
  object space 1289216K, 21% used [0x0000000080000000,0x00000000911c6ec0,0x00000000ceb00000)
 Metaspace       used 71986K, committed 73408K, reserved 1114112K
  class space    used 7539K, committed 8192K, reserved 1048576K
}
Event: 587.269 GC heap after
{Heap after GC invocations=3468 (full 4):
 PSYoungGen      total 2560K, used 1120K [0x00000000d5580000, 0x00000000d5a00000, 0x0000000100000000)
  eden space 1024K, 0% used [0x00000000d5580000,0x00000000d5580000,0x00000000d5680000)
  from space 1536K, 72% used [0x00000000d5800000,0x00000000d5918000,0x00000000d5980000)
  to   space 1536K, 0% used [0x00000000d5680000,0x00000000d5680000,0x00000000d5800000)
 ParOldGen       total 1289216K, used 281371K [0x0000000080000000, 0x00000000ceb00000, 0x00000000d5580000)
  object space 1289216K, 21% used [0x0000000080000000,0x00000000912c6ec0,0x00000000ceb00000)
 Metaspace       used 71986K, committed 73408K, reserved 1114112K
  class space    used 7539K, committed 8192K, reserved 1048576K
}
Event: 587.272 GC heap before
{Heap before GC invocations=3469 (full 4):
 PSYoungGen      total 2560K, used 2144K [0x00000000d5580000, 0x00000000d5a00000, 0x0000000100000000)
  eden space 1024K, 100% used [0x00000000d5580000,0x00000000d5680000,0x00000000d5680000)
  from space 1536K, 72% used [0x00000000d5800000,0x00000000d5918000,0x00000000d5980000)
  to   space 1536K, 0% used [0x00000000d5680000,0x00000000d5680000,0x00000000d5800000)
 ParOldGen       total 1289216K, used 281371K [0x0000000080000000, 0x00000000ceb00000, 0x00000000d5580000)
  object space 1289216K, 21% used [0x0000000080000000,0x00000000912c6ec0,0x00000000ceb00000)
 Metaspace       used 71986K, committed 73408K, reserved 1114112K
  class space    used 7539K, committed 8192K, reserved 1048576K
}
Event: 587.275 GC heap after
{Heap after GC invocations=3469 (full 4):
 PSYoungGen      total 2560K, used 1088K [0x00000000d5580000, 0x00000000d5a00000, 0x0000000100000000)
  eden space 1024K, 0% used [0x00000000d5580000,0x00000000d5580000,0x00000000d5680000)
  from space 1536K, 70% used [0x00000000d5680000,0x00000000d5790000,0x00000000d5800000)
  to   space 1536K, 0% used [0x00000000d5880000,0x00000000d5880000,0x00000000d5a00000)
 ParOldGen       total 1289216K, used 282403K [0x0000000080000000, 0x00000000ceb00000, 0x00000000d5580000)
  object space 1289216K, 21% used [0x0000000080000000,0x00000000913c8ec0,0x00000000ceb00000)
 Metaspace       used 71986K, committed 73408K, reserved 1114112K
  class space    used 7539K, committed 8192K, reserved 1048576K
}
Event: 587.279 GC heap before
{Heap before GC invocations=3470 (full 4):
 PSYoungGen      total 2560K, used 2112K [0x00000000d5580000, 0x00000000d5a00000, 0x0000000100000000)
  eden space 1024K, 100% used [0x00000000d5580000,0x00000000d5680000,0x00000000d5680000)
  from space 1536K, 70% used [0x00000000d5680000,0x00000000d5790000,0x00000000d5800000)
  to   space 1536K, 0% used [0x00000000d5880000,0x00000000d5880000,0x00000000d5a00000)
 ParOldGen       total 1289216K, used 282403K [0x0000000080000000, 0x00000000ceb00000, 0x00000000d5580000)
  object space 1289216K, 21% used [0x0000000080000000,0x00000000913c8ec0,0x00000000ceb00000)
 Metaspace       used 71986K, committed 73408K, reserved 1114112K
  class space    used 7539K, committed 8192K, reserved 1048576K
}
Event: 587.282 GC heap after
{Heap after GC invocations=3470 (full 4):
 PSYoungGen      total 3072K, used 1120K [0x00000000d5580000, 0x00000000d5a00000, 0x0000000100000000)
  eden space 1536K, 0% used [0x00000000d5580000,0x00000000d5580000,0x00000000d5700000)
  from space 1536K, 72% used [0x00000000d5880000,0x00000000d5998000,0x00000000d5a00000)
  to   space 1536K, 0% used [0x00000000d5700000,0x00000000d5700000,0x00000000d5880000)
 ParOldGen       total 1289216K, used 283435K [0x0000000080000000, 0x00000000ceb00000, 0x00000000d5580000)
  object space 1289216K, 21% used [0x0000000080000000,0x00000000914caec0,0x00000000ceb00000)
 Metaspace       used 71986K, committed 73408K, reserved 1114112K
  class space    used 7539K, committed 8192K, reserved 1048576K
}
Event: 587.287 GC heap before
{Heap before GC invocations=3471 (full 4):
 PSYoungGen      total 3072K, used 2656K [0x00000000d5580000, 0x00000000d5a00000, 0x0000000100000000)
  eden space 1536K, 100% used [0x00000000d5580000,0x00000000d5700000,0x00000000d5700000)
  from space 1536K, 72% used [0x00000000d5880000,0x00000000d5998000,0x00000000d5a00000)
  to   space 1536K, 0% used [0x00000000d5700000,0x00000000d5700000,0x00000000d5880000)
 ParOldGen       total 1289216K, used 283435K [0x0000000080000000, 0x00000000ceb00000, 0x00000000d5580000)
  object space 1289216K, 21% used [0x0000000080000000,0x00000000914caec0,0x00000000ceb00000)
 Metaspace       used 71986K, committed 73408K, reserved 1114112K
  class space    used 7539K, committed 8192K, reserved 1048576K
}
Event: 587.290 GC heap after
{Heap after GC invocations=3471 (full 4):
 PSYoungGen      total 3072K, used 1536K [0x00000000d5580000, 0x00000000d5d80000, 0x0000000100000000)
  eden space 1536K, 0% used [0x00000000d5580000,0x00000000d5580000,0x00000000d5700000)
  from space 1536K, 100% used [0x00000000d5700000,0x00000000d5880000,0x00000000d5880000)
  to   space 3072K, 0% used [0x00000000d5a80000,0x00000000d5a80000,0x00000000d5d80000)
 ParOldGen       total 1289216K, used 284499K [0x0000000080000000, 0x00000000ceb00000, 0x00000000d5580000)
  object space 1289216K, 22% used [0x0000000080000000,0x00000000915d4ec0,0x00000000ceb00000)
 Metaspace       used 71986K, committed 73408K, reserved 1114112K
  class space    used 7539K, committed 8192K, reserved 1048576K
}
Event: 587.296 GC heap before
{Heap before GC invocations=3472 (full 4):
 PSYoungGen      total 3072K, used 3072K [0x00000000d5580000, 0x00000000d5d80000, 0x0000000100000000)
  eden space 1536K, 100% used [0x00000000d5580000,0x00000000d5700000,0x00000000d5700000)
  from space 1536K, 100% used [0x00000000d5700000,0x00000000d5880000,0x00000000d5880000)
  to   space 3072K, 0% used [0x00000000d5a80000,0x00000000d5a80000,0x00000000d5d80000)
 ParOldGen       total 1289216K, used 284499K [0x0000000080000000, 0x00000000ceb00000, 0x00000000d5580000)
  object space 1289216K, 22% used [0x0000000080000000,0x00000000915d4ec0,0x00000000ceb00000)
 Metaspace       used 71986K, committed 73408K, reserved 1114112K
  class space    used 7539K, committed 8192K, reserved 1048576K
}
Event: 587.301 GC heap after
{Heap after GC invocations=3472 (full 4):
 PSYoungGen      total 4096K, used 1664K [0x00000000d5580000, 0x00000000d5c80000, 0x0000000100000000)
  eden space 2048K, 0% used [0x00000000d5580000,0x00000000d5580000,0x00000000d5780000)
  from space 2048K, 81% used [0x00000000d5a80000,0x00000000d5c20000,0x00000000d5c80000)
  to   space 2048K, 0% used [0x00000000d5880000,0x00000000d5880000,0x00000000d5a80000)
 ParOldGen       total 1289216K, used 286003K [0x0000000080000000, 0x00000000ceb00000, 0x00000000d5580000)
  object space 1289216K, 22% used [0x0000000080000000,0x000000009174cec0,0x00000000ceb00000)
 Metaspace       used 71986K, committed 73408K, reserved 1114112K
  class space    used 7539K, committed 8192K, reserved 1048576K
}
Event: 587.309 GC heap before
{Heap before GC invocations=3473 (full 4):
 PSYoungGen      total 4096K, used 3712K [0x00000000d5580000, 0x00000000d5c80000, 0x0000000100000000)
  eden space 2048K, 100% used [0x00000000d5580000,0x00000000d5780000,0x00000000d5780000)
  from space 2048K, 81% used [0x00000000d5a80000,0x00000000d5c20000,0x00000000d5c80000)
  to   space 2048K, 0% used [0x00000000d5880000,0x00000000d5880000,0x00000000d5a80000)
 ParOldGen       total 1289216K, used 286003K [0x0000000080000000, 0x00000000ceb00000, 0x00000000d5580000)
  object space 1289216K, 22% used [0x0000000080000000,0x000000009174cec0,0x00000000ceb00000)
 Metaspace       used 71986K, committed 73408K, reserved 1114112K
  class space    used 7539K, committed 8192K, reserved 1048576K
}
Event: 587.312 GC heap after
{Heap after GC invocations=3473 (full 4):
 PSYoungGen      total 4608K, used 2048K [0x00000000d5580000, 0x00000000d6000000, 0x0000000100000000)
  eden space 2560K, 0% used [0x00000000d5580000,0x00000000d5580000,0x00000000d5800000)
  from space 2048K, 100% used [0x00000000d5880000,0x00000000d5a80000,0x00000000d5a80000)
  to   space 4096K, 0% used [0x00000000d5c00000,0x00000000d5c00000,0x00000000d6000000)
 ParOldGen       total 1289216K, used 287579K [0x0000000080000000, 0x00000000ceb00000, 0x00000000d5580000)
  object space 1289216K, 22% used [0x0000000080000000,0x00000000918d6ec0,0x00000000ceb00000)
 Metaspace       used 71986K, committed 73408K, reserved 1114112K
  class space    used 7539K, committed 8192K, reserved 1048576K
}
Event: 587.322 GC heap before
{Heap before GC invocations=3474 (full 4):
 PSYoungGen      total 4608K, used 4608K [0x00000000d5580000, 0x00000000d6000000, 0x0000000100000000)
  eden space 2560K, 100% used [0x00000000d5580000,0x00000000d5800000,0x00000000d5800000)
  from space 2048K, 100% used [0x00000000d5880000,0x00000000d5a80000,0x00000000d5a80000)
  to   space 4096K, 0% used [0x00000000d5c00000,0x00000000d5c00000,0x00000000d6000000)
 ParOldGen       total 1289216K, used 287579K [0x0000000080000000, 0x00000000ceb00000, 0x00000000d5580000)
  object space 1289216K, 22% used [0x0000000080000000,0x00000000918d6ec0,0x00000000ceb00000)
 Metaspace       used 71986K, committed 73408K, reserved 1114112K
  class space    used 7539K, committed 8192K, reserved 1048576K
}
Event: 587.327 GC heap after
{Heap after GC invocations=3474 (full 4):
 PSYoungGen      total 6144K, used 2656K [0x00000000d5580000, 0x00000000d5f00000, 0x0000000100000000)
  eden space 3072K, 0% used [0x00000000d5580000,0x00000000d5580000,0x00000000d5880000)
  from space 3072K, 86% used [0x00000000d5c00000,0x00000000d5e98000,0x00000000d5f00000)
  to   space 3072K, 0% used [0x00000000d5900000,0x00000000d5900000,0x00000000d5c00000)
 ParOldGen       total 1289216K, used 289619K [0x0000000080000000, 0x00000000ceb00000, 0x00000000d5580000)
  object space 1289216K, 22% used [0x0000000080000000,0x0000000091ad4ec0,0x00000000ceb00000)
 Metaspace       used 71986K, committed 73408K, reserved 1114112K
  class space    used 7539K, committed 8192K, reserved 1048576K
}
Event: 587.337 GC heap before
{Heap before GC invocations=3475 (full 4):
 PSYoungGen      total 6144K, used 5728K [0x00000000d5580000, 0x00000000d5f00000, 0x0000000100000000)
  eden space 3072K, 100% used [0x00000000d5580000,0x00000000d5880000,0x00000000d5880000)
  from space 3072K, 86% used [0x00000000d5c00000,0x00000000d5e98000,0x00000000d5f00000)
  to   space 3072K, 0% used [0x00000000d5900000,0x00000000d5900000,0x00000000d5c00000)
 ParOldGen       total 1289216K, used 289619K [0x0000000080000000, 0x00000000ceb00000, 0x00000000d5580000)
  object space 1289216K, 22% used [0x0000000080000000,0x0000000091ad4ec0,0x00000000ceb00000)
 Metaspace       used 71986K, committed 73408K, reserved 1114112K
  class space    used 7539K, committed 8192K, reserved 1048576K
}
Event: 587.342 GC heap after
{Heap after GC invocations=3475 (full 4):
 PSYoungGen      total 6656K, used 3072K [0x00000000d5580000, 0x00000000d6680000, 0x0000000100000000)
  eden space 3584K, 0% used [0x00000000d5580000,0x00000000d5580000,0x00000000d5900000)
  from space 3072K, 100% used [0x00000000d5900000,0x00000000d5c00000,0x00000000d5c00000)
  to   space 6656K, 0% used [0x00000000d6000000,0x00000000d6000000,0x00000000d6680000)
 ParOldGen       total 1289216K, used 292227K [0x0000000080000000, 0x00000000ceb00000, 0x00000000d5580000)
  object space 1289216K, 22% used [0x0000000080000000,0x0000000091d60ec0,0x00000000ceb00000)
 Metaspace       used 71986K, committed 73408K, reserved 1114112K
  class space    used 7539K, committed 8192K, reserved 1048576K
}
Event: 587.357 GC heap before
{Heap before GC invocations=3476 (full 4):
 PSYoungGen      total 6656K, used 6656K [0x00000000d5580000, 0x00000000d6680000, 0x0000000100000000)
  eden space 3584K, 100% used [0x00000000d5580000,0x00000000d5900000,0x00000000d5900000)
  from space 3072K, 100% used [0x00000000d5900000,0x00000000d5c00000,0x00000000d5c00000)
  to   space 6656K, 0% used [0x00000000d6000000,0x00000000d6000000,0x00000000d6680000)
 ParOldGen       total 1289216K, used 292227K [0x0000000080000000, 0x00000000ceb00000, 0x00000000d5580000)
  object space 1289216K, 22% used [0x0000000080000000,0x0000000091d60ec0,0x00000000ceb00000)
 Metaspace       used 71986K, committed 73408K, reserved 1114112K
  class space    used 7539K, committed 8192K, reserved 1048576K
}
Event: 587.363 GC heap after
{Heap after GC invocations=3476 (full 4):
 PSYoungGen      total 8704K, used 3680K [0x00000000d5580000, 0x00000000d6400000, 0x0000000100000000)
  eden space 4608K, 0% used [0x00000000d5580000,0x00000000d5580000,0x00000000d5a00000)
  from space 4096K, 89% used [0x00000000d6000000,0x00000000d6398000,0x00000000d6400000)
  to   space 4608K, 0% used [0x00000000d5b00000,0x00000000d5b00000,0x00000000d5f80000)
 ParOldGen       total 1289216K, used 295315K [0x0000000080000000, 0x00000000ceb00000, 0x00000000d5580000)
  object space 1289216K, 22% used [0x0000000080000000,0x0000000092064ec0,0x00000000ceb00000)
 Metaspace       used 71986K, committed 73408K, reserved 1114112K
  class space    used 7539K, committed 8192K, reserved 1048576K
}
Event: 587.403 GC heap before
{Heap before GC invocations=3477 (full 4):
 PSYoungGen      total 8704K, used 7846K [0x00000000d5580000, 0x00000000d6400000, 0x0000000100000000)
  eden space 4608K, 90% used [0x00000000d5580000,0x00000000d5991818,0x00000000d5a00000)
  from space 4096K, 89% used [0x00000000d6000000,0x00000000d6398000,0x00000000d6400000)
  to   space 4608K, 0% used [0x00000000d5b00000,0x00000000d5b00000,0x00000000d5f80000)
 ParOldGen       total 1289216K, used 295315K [0x0000000080000000, 0x00000000ceb00000, 0x00000000d5580000)
  object space 1289216K, 22% used [0x0000000080000000,0x0000000092064ec0,0x00000000ceb00000)
 Metaspace       used 71986K, committed 73408K, reserved 1114112K
  class space    used 7539K, committed 8192K, reserved 1048576K
}
Event: 587.413 GC heap after
{Heap after GC invocations=3477 (full 4):
 PSYoungGen      total 9728K, used 3840K [0x00000000d5580000, 0x00000000d6300000, 0x0000000100000000)
  eden space 5632K, 0% used [0x00000000d5580000,0x00000000d5580000,0x00000000d5b00000)
  from space 4096K, 93% used [0x00000000d5b00000,0x00000000d5ec0000,0x00000000d5f00000)
  to   space 4096K, 0% used [0x00000000d5f00000,0x00000000d5f00000,0x00000000d6300000)
 ParOldGen       total 1289216K, used 298931K [0x0000000080000000, 0x00000000ceb00000, 0x00000000d5580000)
  object space 1289216K, 23% used [0x0000000080000000,0x00000000923ecec0,0x00000000ceb00000)
 Metaspace       used 71986K, committed 73408K, reserved 1114112K
  class space    used 7539K, committed 8192K, reserved 1048576K
}

