# JRE version: OpenJDK Runtime Environment Temurin-21.0.7+6 (21.0.7+6) (build 21.0.7+6-LTS)
# Java VM: OpenJDK 64-Bit Server VM Temurin-21.0.7+6 (21.0.7+6-LTS, mixed mode, sharing, tiered, compressed oops, compressed class ptrs, parallel gc, windows-amd64)
GC Precious Log:
 CardTable entry size: 512
 CPUs: 8 total, 8 available
 Memory: 16321M
 Large Page Support: Disabled
 NUMA Support: Disabled
 Compressed Oops: Enabled (32-bit)
 Alignments: Space 512K, Generation 512K, Heap 2M
 Heap Min Capacity: 100M
 Heap Initial Capacity: 100M
 Heap Max Capacity: 2G
 Pre-touch: Disabled
 Parallel Workers: 8
Heap:
 PSYoungGen      total 26112K, used 2903K [0x00000000d5580000, 0x00000000d7500000, 0x0000000100000000)
  eden space 25088K, 7% used [0x00000000d5580000,0x00000000d5759e30,0x00000000d6e00000)
  from space 1024K, 98% used [0x00000000d7400000,0x00000000d74fc050,0x00000000d7500000)
  to   space 2560K, 0% used [0x00000000d7000000,0x00000000d7000000,0x00000000d7280000)
 ParOldGen       total 68608K, used 24458K [0x0000000080000000, 0x0000000084300000, 0x00000000d5580000)
  object space 68608K, 35% used [0x0000000080000000,0x00000000817e2a08,0x0000000084300000)
 Metaspace       used 36724K, committed 37760K, reserved 1114112K
  class space    used 3712K, committed 4160K, reserved 1048576K
GC Heap History (20 events):
Event: 21.339 GC heap before
{Heap before GC invocations=18 (full 0):
 PSYoungGen      total 30720K, used 30691K [0x00000000d5580000, 0x00000000d7b80000, 0x0000000100000000)
  eden space 28672K, 100% used [0x00000000d5580000,0x00000000d7180000,0x00000000d7180000)
  from space 2048K, 98% used [0x00000000d7500000,0x00000000d76f8f40,0x00000000d7700000)
  to   space 4608K, 0% used [0x00000000d7700000,0x00000000d7700000,0x00000000d7b80000)
 ParOldGen       total 68608K, used 28807K [0x0000000080000000, 0x0000000084300000, 0x00000000d5580000)
  object space 68608K, 41% used [0x0000000080000000,0x0000000081c21ef8,0x0000000084300000)
 Metaspace       used 20163K, committed 20992K, reserved 1114112K
  class space    used 2061K, committed 2368K, reserved 1048576K
}
Event: 21.341 GC heap after
{Heap after GC invocations=18 (full 0):
 PSYoungGen      total 30208K, used 1608K [0x00000000d5580000, 0x00000000d7900000, 0x0000000100000000)
  eden space 28160K, 0% used [0x00000000d5580000,0x00000000d5580000,0x00000000d7100000)
  from space 2048K, 78% used [0x00000000d7700000,0x00000000d7892210,0x00000000d7900000)
  to   space 3072K, 0% used [0x00000000d7300000,0x00000000d7300000,0x00000000d7600000)
 ParOldGen       total 68608K, used 30850K [0x0000000080000000, 0x0000000084300000, 0x00000000d5580000)
  object space 68608K, 44% used [0x0000000080000000,0x0000000081e208e8,0x0000000084300000)
 Metaspace       used 20163K, committed 20992K, reserved 1114112K
  class space    used 2061K, committed 2368K, reserved 1048576K
}
Event: 21.400 GC heap before
{Heap before GC invocations=19 (full 0):
 PSYoungGen      total 30208K, used 6018K [0x00000000d5580000, 0x00000000d7900000, 0x0000000100000000)
  eden space 28160K, 15% used [0x00000000d5580000,0x00000000d59ce8e0,0x00000000d7100000)
  from space 2048K, 78% used [0x00000000d7700000,0x00000000d7892210,0x00000000d7900000)
  to   space 3072K, 0% used [0x00000000d7300000,0x00000000d7300000,0x00000000d7600000)
 ParOldGen       total 68608K, used 30850K [0x0000000080000000, 0x0000000084300000, 0x00000000d5580000)
  object space 68608K, 44% used [0x0000000080000000,0x0000000081e208e8,0x0000000084300000)
 Metaspace       used 20692K, committed 21504K, reserved 1114112K
  class space    used 2112K, committed 2496K, reserved 1048576K
}
Event: 21.401 GC heap after
{Heap after GC invocations=19 (full 0):
 PSYoungGen      total 31232K, used 488K [0x00000000d5580000, 0x00000000d7780000, 0x0000000100000000)
  eden space 28160K, 0% used [0x00000000d5580000,0x00000000d5580000,0x00000000d7100000)
  from space 3072K, 15% used [0x00000000d7300000,0x00000000d737a3e0,0x00000000d7600000)
  to   space 1536K, 0% used [0x00000000d7600000,0x00000000d7600000,0x00000000d7780000)
 ParOldGen       total 68608K, used 32280K [0x0000000080000000, 0x0000000084300000, 0x00000000d5580000)
  object space 68608K, 47% used [0x0000000080000000,0x0000000081f860c8,0x0000000084300000)
 Metaspace       used 20692K, committed 21504K, reserved 1114112K
  class space    used 2112K, committed 2496K, reserved 1048576K
}
Event: 21.401 GC heap before
{Heap before GC invocations=20 (full 1):
 PSYoungGen      total 31232K, used 488K [0x00000000d5580000, 0x00000000d7780000, 0x0000000100000000)
  eden space 28160K, 0% used [0x00000000d5580000,0x00000000d5580000,0x00000000d7100000)
  from space 3072K, 15% used [0x00000000d7300000,0x00000000d737a3e0,0x00000000d7600000)
  to   space 1536K, 0% used [0x00000000d7600000,0x00000000d7600000,0x00000000d7780000)
 ParOldGen       total 68608K, used 32280K [0x0000000080000000, 0x0000000084300000, 0x00000000d5580000)
  object space 68608K, 47% used [0x0000000080000000,0x0000000081f860c8,0x0000000084300000)
 Metaspace       used 20692K, committed 21504K, reserved 1114112K
  class space    used 2112K, committed 2496K, reserved 1048576K
}
Event: 21.437 GC heap after
{Heap after GC invocations=20 (full 1):
 PSYoungGen      total 31232K, used 0K [0x00000000d5580000, 0x00000000d7780000, 0x0000000100000000)
  eden space 28160K, 0% used [0x00000000d5580000,0x00000000d5580000,0x00000000d7100000)
  from space 3072K, 0% used [0x00000000d7300000,0x00000000d7300000,0x00000000d7600000)
  to   space 1536K, 0% used [0x00000000d7600000,0x00000000d7600000,0x00000000d7780000)
 ParOldGen       total 68608K, used 18168K [0x0000000080000000, 0x0000000084300000, 0x00000000d5580000)
  object space 68608K, 26% used [0x0000000080000000,0x00000000811be3d8,0x0000000084300000)
 Metaspace       used 20680K, committed 21504K, reserved 1114112K
  class space    used 2109K, committed 2496K, reserved 1048576K
}
Event: 21.670 GC heap before
{Heap before GC invocations=21 (full 1):
 PSYoungGen      total 31232K, used 28160K [0x00000000d5580000, 0x00000000d7780000, 0x0000000100000000)
  eden space 28160K, 100% used [0x00000000d5580000,0x00000000d7100000,0x00000000d7100000)
  from space 3072K, 0% used [0x00000000d7300000,0x00000000d7300000,0x00000000d7600000)
  to   space 1536K, 0% used [0x00000000d7600000,0x00000000d7600000,0x00000000d7780000)
 ParOldGen       total 68608K, used 18168K [0x0000000080000000, 0x0000000084300000, 0x00000000d5580000)
  object space 68608K, 26% used [0x0000000080000000,0x00000000811be3d8,0x0000000084300000)
 Metaspace       used 23336K, committed 24128K, reserved 1114112K
  class space    used 2269K, committed 2624K, reserved 1048576K
}
Event: 21.672 GC heap after
{Heap after GC invocations=21 (full 1):
 PSYoungGen      total 28672K, used 738K [0x00000000d5580000, 0x00000000d7700000, 0x0000000100000000)
  eden space 27648K, 0% used [0x00000000d5580000,0x00000000d5580000,0x00000000d7080000)
  from space 1024K, 72% used [0x00000000d7600000,0x00000000d76b8ad8,0x00000000d7700000)
  to   space 1024K, 0% used [0x00000000d7500000,0x00000000d7500000,0x00000000d7600000)
 ParOldGen       total 68608K, used 18176K [0x0000000080000000, 0x0000000084300000, 0x00000000d5580000)
  object space 68608K, 26% used [0x0000000080000000,0x00000000811c03d8,0x0000000084300000)
 Metaspace       used 23336K, committed 24128K, reserved 1114112K
  class space    used 2269K, committed 2624K, reserved 1048576K
}
Event: 21.939 GC heap before
{Heap before GC invocations=22 (full 1):
 PSYoungGen      total 28672K, used 28386K [0x00000000d5580000, 0x00000000d7700000, 0x0000000100000000)
  eden space 27648K, 100% used [0x00000000d5580000,0x00000000d7080000,0x00000000d7080000)
  from space 1024K, 72% used [0x00000000d7600000,0x00000000d76b8ad8,0x00000000d7700000)
  to   space 1024K, 0% used [0x00000000d7500000,0x00000000d7500000,0x00000000d7600000)
 ParOldGen       total 68608K, used 18176K [0x0000000080000000, 0x0000000084300000, 0x00000000d5580000)
  object space 68608K, 26% used [0x0000000080000000,0x00000000811c03d8,0x0000000084300000)
 Metaspace       used 26485K, committed 27328K, reserved 1114112K
  class space    used 2513K, committed 2880K, reserved 1048576K
}
Event: 21.941 GC heap after
{Heap after GC invocations=22 (full 1):
 PSYoungGen      total 28160K, used 1019K [0x00000000d5580000, 0x00000000d7680000, 0x0000000100000000)
  eden space 27136K, 0% used [0x00000000d5580000,0x00000000d5580000,0x00000000d7000000)
  from space 1024K, 99% used [0x00000000d7500000,0x00000000d75feda0,0x00000000d7600000)
  to   space 512K, 0% used [0x00000000d7600000,0x00000000d7600000,0x00000000d7680000)
 ParOldGen       total 68608K, used 19627K [0x0000000080000000, 0x0000000084300000, 0x00000000d5580000)
  object space 68608K, 28% used [0x0000000080000000,0x000000008132adf0,0x0000000084300000)
 Metaspace       used 26485K, committed 27328K, reserved 1114112K
  class space    used 2513K, committed 2880K, reserved 1048576K
}
Event: 22.406 GC heap before
{Heap before GC invocations=23 (full 1):
 PSYoungGen      total 28160K, used 28155K [0x00000000d5580000, 0x00000000d7680000, 0x0000000100000000)
  eden space 27136K, 100% used [0x00000000d5580000,0x00000000d7000000,0x00000000d7000000)
  from space 1024K, 99% used [0x00000000d7500000,0x00000000d75feda0,0x00000000d7600000)
  to   space 512K, 0% used [0x00000000d7600000,0x00000000d7600000,0x00000000d7680000)
 ParOldGen       total 68608K, used 19627K [0x0000000080000000, 0x0000000084300000, 0x00000000d5580000)
  object space 68608K, 28% used [0x0000000080000000,0x000000008132adf0,0x0000000084300000)
 Metaspace       used 27122K, committed 28032K, reserved 1114112K
  class space    used 2541K, committed 2944K, reserved 1048576K
}
Event: 22.408 GC heap after
{Heap after GC invocations=23 (full 1):
 PSYoungGen      total 27136K, used 507K [0x00000000d5580000, 0x00000000d7680000, 0x0000000100000000)
  eden space 26624K, 0% used [0x00000000d5580000,0x00000000d5580000,0x00000000d6f80000)
  from space 512K, 99% used [0x00000000d7600000,0x00000000d767ec40,0x00000000d7680000)
  to   space 2048K, 0% used [0x00000000d7280000,0x00000000d7280000,0x00000000d7480000)
 ParOldGen       total 68608K, used 20668K [0x0000000080000000, 0x0000000084300000, 0x00000000d5580000)
  object space 68608K, 30% used [0x0000000080000000,0x000000008142f398,0x0000000084300000)
 Metaspace       used 27122K, committed 28032K, reserved 1114112K
  class space    used 2541K, committed 2944K, reserved 1048576K
}
Event: 22.811 GC heap before
{Heap before GC invocations=24 (full 1):
 PSYoungGen      total 27136K, used 27131K [0x00000000d5580000, 0x00000000d7680000, 0x0000000100000000)
  eden space 26624K, 100% used [0x00000000d5580000,0x00000000d6f80000,0x00000000d6f80000)
  from space 512K, 99% used [0x00000000d7600000,0x00000000d767ec40,0x00000000d7680000)
  to   space 2048K, 0% used [0x00000000d7280000,0x00000000d7280000,0x00000000d7480000)
 ParOldGen       total 68608K, used 20668K [0x0000000080000000, 0x0000000084300000, 0x00000000d5580000)
  object space 68608K, 30% used [0x0000000080000000,0x000000008142f398,0x0000000084300000)
 Metaspace       used 30531K, committed 31488K, reserved 1114112K
  class space    used 2913K, committed 3328K, reserved 1048576K
}
Event: 22.813 GC heap after
{Heap after GC invocations=24 (full 1):
 PSYoungGen      total 28160K, used 1596K [0x00000000d5580000, 0x00000000d7680000, 0x0000000100000000)
  eden space 26112K, 0% used [0x00000000d5580000,0x00000000d5580000,0x00000000d6f00000)
  from space 2048K, 77% used [0x00000000d7280000,0x00000000d740f380,0x00000000d7480000)
  to   space 2048K, 0% used [0x00000000d7480000,0x00000000d7480000,0x00000000d7680000)
 ParOldGen       total 68608K, used 21032K [0x0000000080000000, 0x0000000084300000, 0x00000000d5580000)
  object space 68608K, 30% used [0x0000000080000000,0x000000008148a018,0x0000000084300000)
 Metaspace       used 30531K, committed 31488K, reserved 1114112K
  class space    used 2913K, committed 3328K, reserved 1048576K
}
Event: 23.062 GC heap before
{Heap before GC invocations=25 (full 1):
 PSYoungGen      total 28160K, used 27708K [0x00000000d5580000, 0x00000000d7680000, 0x0000000100000000)
  eden space 26112K, 100% used [0x00000000d5580000,0x00000000d6f00000,0x00000000d6f00000)
  from space 2048K, 77% used [0x00000000d7280000,0x00000000d740f380,0x00000000d7480000)
  to   space 2048K, 0% used [0x00000000d7480000,0x00000000d7480000,0x00000000d7680000)
 ParOldGen       total 68608K, used 21032K [0x0000000080000000, 0x0000000084300000, 0x00000000d5580000)
  object space 68608K, 30% used [0x0000000080000000,0x000000008148a018,0x0000000084300000)
 Metaspace       used 32124K, committed 33088K, reserved 1114112K
  class space    used 3118K, committed 3520K, reserved 1048576K
}
Event: 23.065 GC heap after
{Heap after GC invocations=25 (full 1):
 PSYoungGen      total 26624K, used 909K [0x00000000d5580000, 0x00000000d7580000, 0x0000000100000000)
  eden space 25600K, 0% used [0x00000000d5580000,0x00000000d5580000,0x00000000d6e80000)
  from space 1024K, 88% used [0x00000000d7480000,0x00000000d7563500,0x00000000d7580000)
  to   space 1536K, 0% used [0x00000000d7280000,0x00000000d7280000,0x00000000d7400000)
 ParOldGen       total 68608K, used 22382K [0x0000000080000000, 0x0000000084300000, 0x00000000d5580000)
  object space 68608K, 32% used [0x0000000080000000,0x00000000815dba30,0x0000000084300000)
 Metaspace       used 32124K, committed 33088K, reserved 1114112K
  class space    used 3118K, committed 3520K, reserved 1048576K
}
Event: 23.285 GC heap before
{Heap before GC invocations=26 (full 1):
 PSYoungGen      total 26624K, used 24882K [0x00000000d5580000, 0x00000000d7580000, 0x0000000100000000)
  eden space 25600K, 93% used [0x00000000d5580000,0x00000000d6ce9650,0x00000000d6e80000)
  from space 1024K, 88% used [0x00000000d7480000,0x00000000d7563500,0x00000000d7580000)
  to   space 1536K, 0% used [0x00000000d7280000,0x00000000d7280000,0x00000000d7400000)
 ParOldGen       total 68608K, used 22382K [0x0000000080000000, 0x0000000084300000, 0x00000000d5580000)
  object space 68608K, 32% used [0x0000000080000000,0x00000000815dba30,0x0000000084300000)
 Metaspace       used 34792K, committed 35840K, reserved 1114112K
  class space    used 3451K, committed 3904K, reserved 1048576K
}
Event: 23.288 GC heap after
{Heap after GC invocations=26 (full 1):
 PSYoungGen      total 27136K, used 1519K [0x00000000d5580000, 0x00000000d7500000, 0x0000000100000000)
  eden space 25600K, 0% used [0x00000000d5580000,0x00000000d5580000,0x00000000d6e80000)
  from space 1536K, 98% used [0x00000000d7280000,0x00000000d73fbd40,0x00000000d7400000)
  to   space 1024K, 0% used [0x00000000d7400000,0x00000000d7400000,0x00000000d7500000)
 ParOldGen       total 68608K, used 23031K [0x0000000080000000, 0x0000000084300000, 0x00000000d5580000)
  object space 68608K, 33% used [0x0000000080000000,0x000000008167dc80,0x0000000084300000)
 Metaspace       used 34792K, committed 35840K, reserved 1114112K
  class space    used 3451K, committed 3904K, reserved 1048576K
}
Event: 23.288 GC heap before
{Heap before GC invocations=27 (full 2):
 PSYoungGen      total 27136K, used 1519K [0x00000000d5580000, 0x00000000d7500000, 0x0000000100000000)
  eden space 25600K, 0% used [0x00000000d5580000,0x00000000d5580000,0x00000000d6e80000)
  from space 1536K, 98% used [0x00000000d7280000,0x00000000d73fbd40,0x00000000d7400000)
  to   space 1024K, 0% used [0x00000000d7400000,0x00000000d7400000,0x00000000d7500000)
 ParOldGen       total 68608K, used 23031K [0x0000000080000000, 0x0000000084300000, 0x00000000d5580000)
  object space 68608K, 33% used [0x0000000080000000,0x000000008167dc80,0x0000000084300000)
 Metaspace       used 34792K, committed 35840K, reserved 1114112K
  class space    used 3451K, committed 3904K, reserved 1048576K
}
Event: 23.350 GC heap after
{Heap after GC invocations=27 (full 2):
 PSYoungGen      total 27136K, used 0K [0x00000000d5580000, 0x00000000d7500000, 0x0000000100000000)
  eden space 25600K, 0% used [0x00000000d5580000,0x00000000d5580000,0x00000000d6e80000)
  from space 1536K, 0% used [0x00000000d7280000,0x00000000d7280000,0x00000000d7400000)
  to   space 1024K, 0% used [0x00000000d7400000,0x00000000d7400000,0x00000000d7500000)
 ParOldGen       total 68608K, used 23306K [0x0000000080000000, 0x0000000084300000, 0x00000000d5580000)
  object space 68608K, 33% used [0x0000000080000000,0x00000000816c29d8,0x0000000084300000)
 Metaspace       used 34784K, committed 35840K, reserved 1114112K
  class space    used 3448K, committed 3904K, reserved 1048576K
}

